[monaAPI] Ajout de la catégorie Alimentation (1 - 0)
[monaAPI] Ajout de la catégorie Assurance (82 - 5)
[monaAPI] Ajout de la catégorie Logement (5 - 0)
[monaAPI] Ajout de la catégorie Loyer (6 - 5)
[monaAPI] Ajout de la catégorie Métro (75 - 72)
[monaAPI] Ajout de la catégorie Communications (89 - 0)
[monaAPI] Ajout de la catégorie Téléphone portable (90 - 89)
[monaAPI] Ajout de la catégorie Internet (91 - 89)
[monaAPI] Ajout de la catégorie Equipements (92 - 0)
[monaAPI] Ajout de la catégorie Cinéma (93 - 86)
[monaAPI] Ajout de la catégorie David (88 - 87)
[monaAPI] Ajout de la catégorie Habillement (87 - 0)
[monaAPI] Ajout de la catégorie Loisirs et Culture (86 - 0)
[monaAPI] Ajout de la catégorie Médecin (85 - 83)
[monaAPI] Ajout de la catégorie Pharmacie (84 - 83)
[monaAPI] Ajout de la catégorie Assurance (79 - 76)
[monaAPI] Ajout de la catégorie Entretien (78 - 76)
[monaAPI] Ajout de la catégorie Essence (77 - 76)
[monaAPI] Ajout de la catégorie Train (74 - 72)
[monaAPI] Ajout de la catégorie Voiture (76 - 72)
[monaAPI] Ajout de la catégorie Courses (80 - 1)
[monaAPI] Ajout de la catégorie Transport (72 - 0)
[monaAPI] Ajout de la catégorie Santé (83 - 0)
[monaAPI] Ajout de la catégorie Restaurant (70 - 1)
[monaAPI] Ajout de la catégorie Vacances (94 - 86)
[monaAPI] Ajout de la catégorie Informatique (95 - 86)
[monaAPI] Ajout de la catégorie jiedavid (216 - 35)
[monaAPI] Ajout de la catégorie Electricité (204 - 5)
[monaAPI] Ajout de la catégorie Travail (205 - 0)
[monaAPI] Ajout de la catégorie CS (206 - 205)
[monaAPI] Ajout de la catégorie Viveris (213 - 205)
[monaAPI] Ajout de la catégorie jie (215 - 34)
